{"obj": {"type": "LogStrings", "path": ["monitoring", "stderr"], "values": [{"value": "Info (NVML): NVML Shared Library Not Found. GPU usage metrics may not be reported. For more information, see https://docs.neptune.ai/you-should-know/what-can-you-log-and-display#hardware-consumption\n", "step": null, "ts": 1652205487.2008882}]}, "version": 1}
{"obj": {"type": "LogFloats", "path": ["monitoring", "cpu"], "values": [{"value": 3.3, "step": null, "ts": 1652205487.2117944}]}, "version": 2}
{"obj": {"type": "LogFloats", "path": ["monitoring", "memory"], "values": [{"value": 2.9281997680664062, "step": null, "ts": 1652205487.2117944}]}, "version": 3}
{"obj": {"type": "LogFloats", "path": ["testing", "update_test"], "values": [{"value": 1000.0, "step": null, "ts": 1652205489.5331059}]}, "version": 4}
{"obj": {"type": "LogFloats", "path": ["monitoring", "cpu"], "values": [{"value": 2.7, "step": null, "ts": 1652205497.2139068}]}, "version": 5}
{"obj": {"type": "LogFloats", "path": ["monitoring", "memory"], "values": [{"value": 2.948474884033203, "step": null, "ts": 1652205497.2139068}]}, "version": 6}
{"obj": {"type": "LogFloats", "path": ["monitoring", "cpu"], "values": [{"value": 2.1, "step": null, "ts": 1652205507.2158654}]}, "version": 7}
{"obj": {"type": "LogFloats", "path": ["monitoring", "memory"], "values": [{"value": 2.9468841552734375, "step": null, "ts": 1652205507.2158654}]}, "version": 8}
{"obj": {"type": "LogFloats", "path": ["monitoring", "cpu"], "values": [{"value": 2.5, "step": null, "ts": 1652205517.21717}]}, "version": 9}
{"obj": {"type": "LogFloats", "path": ["monitoring", "memory"], "values": [{"value": 2.949481964111328, "step": null, "ts": 1652205517.21717}]}, "version": 10}
{"obj": {"type": "LogFloats", "path": ["monitoring", "cpu"], "values": [{"value": 2.0, "step": null, "ts": 1652205527.2194319}]}, "version": 11}
{"obj": {"type": "LogFloats", "path": ["monitoring", "memory"], "values": [{"value": 2.9502487182617188, "step": null, "ts": 1652205527.2194319}]}, "version": 12}
{"obj": {"type": "LogFloats", "path": ["monitoring", "cpu"], "values": [{"value": 2.1, "step": null, "ts": 1652205537.2214327}]}, "version": 13}
{"obj": {"type": "LogFloats", "path": ["monitoring", "memory"], "values": [{"value": 2.9480438232421875, "step": null, "ts": 1652205537.2214327}]}, "version": 14}
{"obj": {"type": "LogFloats", "path": ["monitoring", "cpu"], "values": [{"value": 2.9, "step": null, "ts": 1652205547.2234688}]}, "version": 15}
{"obj": {"type": "LogFloats", "path": ["monitoring", "memory"], "values": [{"value": 2.949565887451172, "step": null, "ts": 1652205547.2234688}]}, "version": 16}
{"obj": {"type": "LogFloats", "path": ["monitoring", "cpu"], "values": [{"value": 2.6, "step": null, "ts": 1652205557.2259746}]}, "version": 17}
{"obj": {"type": "LogFloats", "path": ["monitoring", "memory"], "values": [{"value": 2.9502601623535156, "step": null, "ts": 1652205557.2259746}]}, "version": 18}
{"obj": {"type": "LogFloats", "path": ["monitoring", "cpu"], "values": [{"value": 2.5, "step": null, "ts": 1652205567.2282202}]}, "version": 19}
{"obj": {"type": "LogFloats", "path": ["monitoring", "memory"], "values": [{"value": 2.9491233825683594, "step": null, "ts": 1652205567.2282202}]}, "version": 20}
{"obj": {"type": "LogFloats", "path": ["monitoring", "cpu"], "values": [{"value": 1.5, "step": null, "ts": 1652205577.2301571}]}, "version": 21}
{"obj": {"type": "LogFloats", "path": ["monitoring", "memory"], "values": [{"value": 2.9500465393066406, "step": null, "ts": 1652205577.2301571}]}, "version": 22}
{"obj": {"type": "LogStrings", "path": ["monitoring", "stdout"], "values": [{"value": "", "step": null, "ts": 1652205587.1701734}]}, "version": 23}
{"obj": {"type": "LogStrings", "path": ["monitoring", "stdout"], "values": [{"value": "Shutting down background jobs, please wait a moment...\n", "step": null, "ts": 1652205587.1710591}]}, "version": 24}
