{"obj": {"type": "AssignString", "path": ["sys", "name"], "value": "Untitled"}, "version": 1}
{"obj": {"type": "AssignString", "path": ["sys", "description"], "value": ""}, "version": 2}
{"obj": {"type": "AssignString", "path": ["sys", "hostname"], "value": "node2"}, "version": 3}
{"obj": {"type": "AssignBool", "path": ["sys", "failed"], "value": false}, "version": 4}
{"obj": {"type": "ClearStringLog", "path": ["monitoring", "stdout"]}, "version": 5}
{"obj": {"type": "ClearStringLog", "path": ["monitoring", "stderr"]}, "version": 6}
{"obj": {"type": "UploadFileSet", "path": ["source_code", "files"], "file_globs": ["/home/aron/Artefact_Detection/trainModel.ipynb", "/home/aron/Artefact_Detection/dataset.py"], "reset": "False"}, "version": 7}
{"obj": {"type": "ConfigFloatSeries", "path": ["monitoring", "cpu"], "min": 0.0, "max": 100.0, "unit": "%"}, "version": 8}
{"obj": {"type": "ClearFloatLog", "path": ["monitoring", "cpu"]}, "version": 9}
{"obj": {"type": "ConfigFloatSeries", "path": ["monitoring", "memory"], "min": 0.0, "max": 31.241954803466797, "unit": "GB"}, "version": 10}
{"obj": {"type": "ClearFloatLog", "path": ["monitoring", "memory"]}, "version": 11}
{"obj": {"type": "ConfigFloatSeries", "path": ["monitoring", "gpu"], "min": 0.0, "max": 100.0, "unit": "%"}, "version": 12}
{"obj": {"type": "ClearFloatLog", "path": ["monitoring", "gpu"]}, "version": 13}
{"obj": {"type": "ConfigFloatSeries", "path": ["monitoring", "gpu_memory"], "min": 0.0, "max": 7.92889404296875, "unit": "GB"}, "version": 14}
{"obj": {"type": "ClearFloatLog", "path": ["monitoring", "gpu_memory"]}, "version": 15}
{"obj": {"type": "LogFloats", "path": ["monitoring", "cpu"], "values": [{"value": 11.7, "step": null, "ts": 1650884851.4855607}]}, "version": 16}
{"obj": {"type": "LogFloats", "path": ["monitoring", "memory"], "values": [{"value": 17.62548828125, "step": null, "ts": 1650884851.4855607}]}, "version": 17}
{"obj": {"type": "LogStrings", "path": ["monitoring", "stdout"], "values": [{"value": "", "step": null, "ts": 1650884851.493032}]}, "version": 18}
{"obj": {"type": "LogFloats", "path": ["monitoring", "gpu_memory"], "values": [{"value": 0.6534423828125, "step": null, "ts": 1650884851.4855607}]}, "version": 19}
{"obj": {"type": "LogStrings", "path": ["monitoring", "stdout"], "values": [{"value": "Remember to stop your run once you\u2019ve finished logging your metadata (https://docs.neptune.ai/api-reference/run#.stop). It will be stopped automatically only when the notebook kernel/interactive console is terminated.\n", "step": null, "ts": 1650884851.494383}]}, "version": 20}
{"obj": {"type": "AssignInt", "path": ["config", "dataset", "size"], "value": 24}, "version": 21}
{"obj": {"type": "AssignString", "path": ["config", "model"], "value": "NeuralNetwork"}, "version": 22}
{"obj": {"type": "AssignString", "path": ["config", "modelSummary"], "value": "==========================================================================================\nLayer (type:depth-idx)                   Output Shape              Param #\n==========================================================================================\nNeuralNetwork                            --                        --\n\u251c\u2500Sequential: 1-1                        [64, 1]                   --\n\u2502    \u2514\u2500BatchNorm1d: 2-1                  [64, 750]                 1,500\n\u2502    \u2514\u2500Linear: 2-2                       [64, 512]                 384,512\n\u2502    \u2514\u2500ReLU: 2-3                         [64, 512]                 --\n\u2502    \u2514\u2500Linear: 2-4                       [64, 512]                 262,656\n\u2502    \u2514\u2500ReLU: 2-5                         [64, 512]                 --\n\u2502    \u2514\u2500Linear: 2-6                       [64, 512]                 262,656\n\u2502    \u2514\u2500ReLU: 2-7                         [64, 512]                 --\n\u2502    \u2514\u2500Linear: 2-8                       [64, 1]                   513\n\u2502    \u2514\u2500Sigmoid: 2-9                      [64, 1]                   --\n==========================================================================================\nTotal params: 911,837\nTrainable params: 911,837\nNon-trainable params: 0\nTotal mult-adds (M): 58.36\n==========================================================================================\nInput size (MB): 0.19\nForward/backward pass size (MB): 1.17\nParams size (MB): 3.65\nEstimated Total Size (MB): 5.01\n=========================================================================================="}, "version": 23}
{"obj": {"type": "AssignString", "path": ["config", "optimizer"], "value": "Adam"}, "version": 24}
{"obj": {"type": "AssignInt", "path": ["config", "batch_size"], "value": 64}, "version": 25}
{"obj": {"type": "AssignInt", "path": ["config", "test_night"], "value": 6}, "version": 26}
{"obj": {"type": "AssignFloat", "path": ["config", "learning_rate"], "value": 1e-05}, "version": 27}
{"obj": {"type": "AssignInt", "path": ["config", "segLength"], "value": 750}, "version": 28}
{"obj": {"type": "AssignBool", "path": ["config", "filtered"], "value": false}, "version": 29}
{"obj": {"type": "AssignInt", "path": ["config", "dataSkips"], "value": 16}, "version": 30}
{"obj": {"type": "LogStrings", "path": ["monitoring", "stdout"], "values": [{"value": "Epoch 1\n-------------------------------", "step": null, "ts": 1650884851.5191283}]}, "version": 31}
{"obj": {"type": "LogStrings", "path": ["monitoring", "stdout"], "values": [{"value": "\n", "step": null, "ts": 1650884851.5203671}]}, "version": 32}
{"obj": {"type": "LogFloats", "path": ["training", "batch", "loss"], "values": [{"value": 0.6443257331848145, "step": null, "ts": 1650884851.57744}]}, "version": 33}
{"obj": {"type": "LogStrings", "path": ["monitoring", "stdout"], "values": [{"value": "loss: 0.644326  [    0/5927808]", "step": null, "ts": 1650884851.5786917}]}, "version": 34}
{"obj": {"type": "LogStrings", "path": ["monitoring", "stdout"], "values": [{"value": "\n", "step": null, "ts": 1650884851.5798118}]}, "version": 35}
{"obj": {"type": "LogStrings", "path": ["monitoring", "stdout"], "values": [{"value": "Predicted values: \ntensor([0.5106, 0.4987, 0.5039, 0.5010, 0.5028, 0.4992, 0.5066, 0.4992, 0.5020,\n        0.4982, 0.5001, 0.4994, 0.4996, 0.4989, 0.5000, 0.4989, 0.5022, 0.5008,\n        0.5023, 0.4993, 0.5083, 0.4991, 0.5133, 0.4996, 0.5006, 0.4996, 0.5011,\n        0.4981, 0.4728, 0.4995, 0.5050, 0.4990, 0.5100, 0.4981, 0.5073, 0.5000,\n        0.5037, 0.4992, 0.4978, 0.5019, 0.5050, 0.4993, 0.4985, 0.5039, 0.4964,\n        0.5059, 0.4974, 0.5003, 0.5068, 0.5006, 0.4949, 0.5047, 0.4941, 0.5032,\n        0.4921, 0.4993, 0.5024, 0.4988, 0.5042, 0.4992, 0.5029, 0.4982, 0.5018,\n        0.4984], device='cuda:0', grad_fn=<ReshapeAliasBackward0>)", "step": null, "ts": 1650884851.5830364}]}, "version": 36}
{"obj": {"type": "LogStrings", "path": ["monitoring", "stdout"], "values": [{"value": "\n", "step": null, "ts": 1650884851.5839324}]}, "version": 37}
{"obj": {"type": "LogStrings", "path": ["monitoring", "stdout"], "values": [{"value": "Actual values: \ntensor([1., 0., 1., 0., 1., 0., 1., 0., 1., 0., 1., 0., 1., 0., 1., 0., 1., 0.,\n        1., 0., 1., 0., 1., 0., 1., 0., 1., 0., 1., 0., 1., 0., 1., 0., 1., 0.,\n        1., 1., 1., 0., 1., 0., 1., 1., 1., 1., 1., 0., 1., 1., 1., 1., 1., 1.,\n        1., 0., 1., 0., 1., 1., 1., 0., 1., 0.], device='cuda:0')", "step": null, "ts": 1650884851.5870898}]}, "version": 38}
{"obj": {"type": "LogStrings", "path": ["monitoring", "stdout"], "values": [{"value": "\n", "step": null, "ts": 1650884851.5878384}]}, "version": 39}
{"obj": {"type": "LogStrings", "path": ["monitoring", "stdout"], "values": [{"value": "Difference: \ntensor([ 0.4894, -0.4987,  0.4961, -0.5010,  0.4972, -0.4992,  0.4934, -0.4992,\n         0.4980, -0.4982,  0.4999, -0.4994,  0.5004, -0.4989,  0.5000, -0.4989,\n         0.4978, -0.5008,  0.4977, -0.4993,  0.4917, -0.4991,  0.4867, -0.4996,\n         0.4994, -0.4996,  0.4989, -0.4981,  0.5272, -0.4995,  0.4950, -0.4990,\n         0.4900, -0.4981,  0.4927, -0.5000,  0.4963,  0.5008,  0.5022, -0.5019,\n         0.4950, -0.4993,  0.5015,  0.4961,  0.5036,  0.4941,  0.5026, -0.5003,\n         0.4932,  0.4994,  0.5051,  0.4953,  0.5059,  0.4968,  0.5079, -0.4993,\n         0.4976, -0.4988,  0.4958,  0.5008,  0.4971, -0.4982,  0.4982, -0.4984],\n       device='cuda:0', grad_fn=<SubBackward0>)", "step": null, "ts": 1650884851.5905664}]}, "version": 40}
{"obj": {"type": "LogStrings", "path": ["monitoring", "stdout"], "values": [{"value": "\n", "step": null, "ts": 1650884851.591276}]}, "version": 41}
{"obj": {"type": "LogFloats", "path": ["training", "batch", "loss"], "values": [{"value": 0.6524803638458252, "step": null, "ts": 1650884851.6398215}]}, "version": 42}
{"obj": {"type": "LogFloats", "path": ["training", "batch", "loss"], "values": [{"value": 0.5676794648170471, "step": null, "ts": 1650884851.7029579}]}, "version": 43}
{"obj": {"type": "LogFloats", "path": ["training", "batch", "loss"], "values": [{"value": 0.5001174211502075, "step": null, "ts": 1650884851.726332}]}, "version": 44}
{"obj": {"type": "LogFloats", "path": ["training", "batch", "loss"], "values": [{"value": 0.6355137825012207, "step": null, "ts": 1650884851.77283}]}, "version": 45}
{"obj": {"type": "LogFloats", "path": ["training", "batch", "loss"], "values": [{"value": 0.6767896413803101, "step": null, "ts": 1650884851.8257306}]}, "version": 46}
{"obj": {"type": "LogFloats", "path": ["training", "batch", "loss"], "values": [{"value": 0.7014522552490234, "step": null, "ts": 1650884851.8840709}]}, "version": 47}
{"obj": {"type": "LogFloats", "path": ["training", "batch", "loss"], "values": [{"value": 0.6840901374816895, "step": null, "ts": 1650884851.9575481}]}, "version": 48}
{"obj": {"type": "LogFloats", "path": ["training", "batch", "loss"], "values": [{"value": 0.6744576692581177, "step": null, "ts": 1650884852.0095108}]}, "version": 49}
{"obj": {"type": "LogFloats", "path": ["training", "batch", "loss"], "values": [{"value": 0.7001528739929199, "step": null, "ts": 1650884852.0658135}]}, "version": 50}
{"obj": {"type": "LogFloats", "path": ["training", "batch", "loss"], "values": [{"value": 0.6996484398841858, "step": null, "ts": 1650884852.1224153}]}, "version": 51}
{"obj": {"type": "LogFloats", "path": ["training", "batch", "loss"], "values": [{"value": 0.698449432849884, "step": null, "ts": 1650884852.1788452}]}, "version": 52}
{"obj": {"type": "LogFloats", "path": ["training", "batch", "loss"], "values": [{"value": 0.6980036497116089, "step": null, "ts": 1650884852.2354314}]}, "version": 53}
{"obj": {"type": "LogFloats", "path": ["training", "batch", "loss"], "values": [{"value": 0.6974167227745056, "step": null, "ts": 1650884852.3010604}]}, "version": 54}
{"obj": {"type": "LogFloats", "path": ["training", "batch", "loss"], "values": [{"value": 0.6962270736694336, "step": null, "ts": 1650884852.3581588}]}, "version": 55}
{"obj": {"type": "LogFloats", "path": ["training", "batch", "loss"], "values": [{"value": 0.6959468126296997, "step": null, "ts": 1650884852.4145393}]}, "version": 56}
{"obj": {"type": "LogFloats", "path": ["training", "batch", "loss"], "values": [{"value": 0.6950746774673462, "step": null, "ts": 1650884852.471203}]}, "version": 57}
{"obj": {"type": "LogFloats", "path": ["training", "batch", "loss"], "values": [{"value": 0.6936115026473999, "step": null, "ts": 1650884852.5275924}]}, "version": 58}
{"obj": {"type": "LogFloats", "path": ["training", "batch", "loss"], "values": [{"value": 0.6933687925338745, "step": null, "ts": 1650884852.584244}]}, "version": 59}
{"obj": {"type": "LogFloats", "path": ["training", "batch", "loss"], "values": [{"value": 0.6858884692192078, "step": null, "ts": 1650884852.6390398}]}, "version": 60}
{"obj": {"type": "LogFloats", "path": ["monitoring", "cpu"], "values": [{"value": 3.1, "step": null, "ts": 1650884861.494713}]}, "version": 61}
{"obj": {"type": "LogFloats", "path": ["monitoring", "memory"], "values": [{"value": 17.629730224609375, "step": null, "ts": 1650884861.494713}]}, "version": 62}
{"obj": {"type": "LogFloats", "path": ["monitoring", "gpu_memory"], "values": [{"value": 0.6788330078125, "step": null, "ts": 1650884861.494713}]}, "version": 63}
{"obj": {"type": "LogFloats", "path": ["monitoring", "cpu"], "values": [{"value": 0.3, "step": null, "ts": 1650884871.50131}]}, "version": 64}
{"obj": {"type": "LogFloats", "path": ["monitoring", "memory"], "values": [{"value": 17.630359649658203, "step": null, "ts": 1650884871.50131}]}, "version": 65}
{"obj": {"type": "LogFloats", "path": ["monitoring", "gpu_memory"], "values": [{"value": 0.6788330078125, "step": null, "ts": 1650884871.50131}]}, "version": 66}
{"obj": {"type": "LogFloats", "path": ["monitoring", "cpu"], "values": [{"value": 0.3, "step": null, "ts": 1650884881.5085645}]}, "version": 67}
{"obj": {"type": "LogFloats", "path": ["monitoring", "memory"], "values": [{"value": 17.6307373046875, "step": null, "ts": 1650884881.5085645}]}, "version": 68}
{"obj": {"type": "LogFloats", "path": ["monitoring", "gpu_memory"], "values": [{"value": 0.6788330078125, "step": null, "ts": 1650884881.5085645}]}, "version": 69}
{"obj": {"type": "LogFloats", "path": ["monitoring", "cpu"], "values": [{"value": 0.7, "step": null, "ts": 1650884891.515443}]}, "version": 70}
{"obj": {"type": "LogFloats", "path": ["monitoring", "memory"], "values": [{"value": 17.631454467773438, "step": null, "ts": 1650884891.515443}]}, "version": 71}
{"obj": {"type": "LogFloats", "path": ["monitoring", "gpu_memory"], "values": [{"value": 0.6788330078125, "step": null, "ts": 1650884891.515443}]}, "version": 72}
{"obj": {"type": "LogFloats", "path": ["monitoring", "cpu"], "values": [{"value": 0.3, "step": null, "ts": 1650884901.5219622}]}, "version": 73}
{"obj": {"type": "LogFloats", "path": ["monitoring", "memory"], "values": [{"value": 17.632274627685547, "step": null, "ts": 1650884901.5219622}]}, "version": 74}
{"obj": {"type": "LogFloats", "path": ["monitoring", "gpu_memory"], "values": [{"value": 0.6788330078125, "step": null, "ts": 1650884901.5219622}]}, "version": 75}
{"obj": {"type": "LogFloats", "path": ["monitoring", "cpu"], "values": [{"value": 0.2, "step": null, "ts": 1650884911.5291922}]}, "version": 76}
{"obj": {"type": "LogFloats", "path": ["monitoring", "memory"], "values": [{"value": 17.632850646972656, "step": null, "ts": 1650884911.5291922}]}, "version": 77}
{"obj": {"type": "LogFloats", "path": ["monitoring", "gpu_memory"], "values": [{"value": 0.6788330078125, "step": null, "ts": 1650884911.5291922}]}, "version": 78}
{"obj": {"type": "LogFloats", "path": ["monitoring", "cpu"], "values": [{"value": 0.2, "step": null, "ts": 1650884921.536581}]}, "version": 79}
{"obj": {"type": "LogFloats", "path": ["monitoring", "memory"], "values": [{"value": 17.632827758789062, "step": null, "ts": 1650884921.536581}]}, "version": 80}
{"obj": {"type": "LogFloats", "path": ["monitoring", "gpu_memory"], "values": [{"value": 0.6788330078125, "step": null, "ts": 1650884921.536581}]}, "version": 81}
{"obj": {"type": "LogFloats", "path": ["monitoring", "cpu"], "values": [{"value": 0.5, "step": null, "ts": 1650884931.5435019}]}, "version": 82}
{"obj": {"type": "LogFloats", "path": ["monitoring", "memory"], "values": [{"value": 17.632930755615234, "step": null, "ts": 1650884931.5435019}]}, "version": 83}
{"obj": {"type": "LogFloats", "path": ["monitoring", "gpu_memory"], "values": [{"value": 0.6788330078125, "step": null, "ts": 1650884931.5435019}]}, "version": 84}
{"obj": {"type": "LogFloats", "path": ["monitoring", "cpu"], "values": [{"value": 0.2, "step": null, "ts": 1650884941.5506816}]}, "version": 85}
{"obj": {"type": "LogFloats", "path": ["monitoring", "memory"], "values": [{"value": 17.633102416992188, "step": null, "ts": 1650884941.5506816}]}, "version": 86}
{"obj": {"type": "LogFloats", "path": ["monitoring", "gpu_memory"], "values": [{"value": 0.6788330078125, "step": null, "ts": 1650884941.5506816}]}, "version": 87}
{"obj": {"type": "LogFloats", "path": ["monitoring", "cpu"], "values": [{"value": 0.1, "step": null, "ts": 1650884951.557126}]}, "version": 88}
{"obj": {"type": "LogFloats", "path": ["monitoring", "memory"], "values": [{"value": 17.633037567138672, "step": null, "ts": 1650884951.557126}]}, "version": 89}
{"obj": {"type": "LogFloats", "path": ["monitoring", "gpu_memory"], "values": [{"value": 0.6788330078125, "step": null, "ts": 1650884951.557126}]}, "version": 90}
{"obj": {"type": "LogFloats", "path": ["monitoring", "cpu"], "values": [{"value": 0.4, "step": null, "ts": 1650884961.5643868}]}, "version": 91}
{"obj": {"type": "LogFloats", "path": ["monitoring", "memory"], "values": [{"value": 17.632057189941406, "step": null, "ts": 1650884961.5643868}]}, "version": 92}
{"obj": {"type": "LogFloats", "path": ["monitoring", "gpu_memory"], "values": [{"value": 0.6788330078125, "step": null, "ts": 1650884961.5643868}]}, "version": 93}
{"obj": {"type": "LogFloats", "path": ["monitoring", "cpu"], "values": [{"value": 0.2, "step": null, "ts": 1650884971.5709698}]}, "version": 94}
{"obj": {"type": "LogFloats", "path": ["monitoring", "memory"], "values": [{"value": 17.632457733154297, "step": null, "ts": 1650884971.5709698}]}, "version": 95}
{"obj": {"type": "LogFloats", "path": ["monitoring", "gpu_memory"], "values": [{"value": 0.6788330078125, "step": null, "ts": 1650884971.5709698}]}, "version": 96}
{"obj": {"type": "LogFloats", "path": ["monitoring", "cpu"], "values": [{"value": 0.2, "step": null, "ts": 1650884981.5789015}]}, "version": 97}
{"obj": {"type": "LogFloats", "path": ["monitoring", "memory"], "values": [{"value": 17.63249969482422, "step": null, "ts": 1650884981.5789015}]}, "version": 98}
{"obj": {"type": "LogFloats", "path": ["monitoring", "gpu_memory"], "values": [{"value": 0.6788330078125, "step": null, "ts": 1650884981.5789015}]}, "version": 99}
{"obj": {"type": "LogFloats", "path": ["monitoring", "cpu"], "values": [{"value": 0.3, "step": null, "ts": 1650884991.5865183}]}, "version": 100}
{"obj": {"type": "LogFloats", "path": ["monitoring", "memory"], "values": [{"value": 17.63249969482422, "step": null, "ts": 1650884991.5865183}]}, "version": 101}
{"obj": {"type": "LogFloats", "path": ["monitoring", "gpu_memory"], "values": [{"value": 0.6788330078125, "step": null, "ts": 1650884991.5865183}]}, "version": 102}
{"obj": {"type": "LogFloats", "path": ["monitoring", "cpu"], "values": [{"value": 0.4, "step": null, "ts": 1650885001.5931585}]}, "version": 103}
{"obj": {"type": "LogFloats", "path": ["monitoring", "memory"], "values": [{"value": 17.695201873779297, "step": null, "ts": 1650885001.5931585}]}, "version": 104}
{"obj": {"type": "LogFloats", "path": ["monitoring", "gpu_memory"], "values": [{"value": 0.6788330078125, "step": null, "ts": 1650885001.5931585}]}, "version": 105}
{"obj": {"type": "LogFloats", "path": ["monitoring", "cpu"], "values": [{"value": 9.0, "step": null, "ts": 1650885011.5961652}]}, "version": 106}
{"obj": {"type": "LogFloats", "path": ["monitoring", "memory"], "values": [{"value": 17.637130737304688, "step": null, "ts": 1650885011.5961652}]}, "version": 107}
{"obj": {"type": "LogFloats", "path": ["monitoring", "gpu_memory"], "values": [{"value": 0.6788330078125, "step": null, "ts": 1650885011.5961652}]}, "version": 108}
{"obj": {"type": "LogFloats", "path": ["monitoring", "cpu"], "values": [{"value": 0.4, "step": null, "ts": 1650885021.602876}]}, "version": 109}
{"obj": {"type": "LogFloats", "path": ["monitoring", "memory"], "values": [{"value": 17.636947631835938, "step": null, "ts": 1650885021.602876}]}, "version": 110}
{"obj": {"type": "LogFloats", "path": ["monitoring", "gpu_memory"], "values": [{"value": 0.6788330078125, "step": null, "ts": 1650885021.602876}]}, "version": 111}
{"obj": {"type": "LogFloats", "path": ["monitoring", "cpu"], "values": [{"value": 0.2, "step": null, "ts": 1650885031.6096544}]}, "version": 112}
{"obj": {"type": "LogFloats", "path": ["monitoring", "memory"], "values": [{"value": 17.63698959350586, "step": null, "ts": 1650885031.6096544}]}, "version": 113}
{"obj": {"type": "LogFloats", "path": ["monitoring", "gpu_memory"], "values": [{"value": 0.6788330078125, "step": null, "ts": 1650885031.6096544}]}, "version": 114}
{"obj": {"type": "LogFloats", "path": ["monitoring", "cpu"], "values": [{"value": 0.1, "step": null, "ts": 1650885041.6160462}]}, "version": 115}
{"obj": {"type": "LogFloats", "path": ["monitoring", "memory"], "values": [{"value": 17.63705062866211, "step": null, "ts": 1650885041.6160462}]}, "version": 116}
{"obj": {"type": "LogFloats", "path": ["monitoring", "gpu_memory"], "values": [{"value": 0.6788330078125, "step": null, "ts": 1650885041.6160462}]}, "version": 117}
{"obj": {"type": "LogFloats", "path": ["monitoring", "cpu"], "values": [{"value": 0.1, "step": null, "ts": 1650885051.6232884}]}, "version": 118}
{"obj": {"type": "LogFloats", "path": ["monitoring", "memory"], "values": [{"value": 17.637348175048828, "step": null, "ts": 1650885051.6232884}]}, "version": 119}
{"obj": {"type": "LogFloats", "path": ["monitoring", "gpu_memory"], "values": [{"value": 0.6788330078125, "step": null, "ts": 1650885051.6232884}]}, "version": 120}
{"obj": {"type": "LogFloats", "path": ["monitoring", "cpu"], "values": [{"value": 0.3, "step": null, "ts": 1650885061.6297097}]}, "version": 121}
{"obj": {"type": "LogFloats", "path": ["monitoring", "memory"], "values": [{"value": 17.637027740478516, "step": null, "ts": 1650885061.6297097}]}, "version": 122}
{"obj": {"type": "LogFloats", "path": ["monitoring", "gpu_memory"], "values": [{"value": 0.6788330078125, "step": null, "ts": 1650885061.6297097}]}, "version": 123}
{"obj": {"type": "LogFloats", "path": ["monitoring", "cpu"], "values": [{"value": 9.4, "step": null, "ts": 1650885071.6363595}]}, "version": 124}
{"obj": {"type": "LogFloats", "path": ["monitoring", "memory"], "values": [{"value": 17.637149810791016, "step": null, "ts": 1650885071.6363595}]}, "version": 125}
{"obj": {"type": "LogFloats", "path": ["monitoring", "gpu_memory"], "values": [{"value": 0.6788330078125, "step": null, "ts": 1650885071.6363595}]}, "version": 126}
{"obj": {"type": "LogFloats", "path": ["monitoring", "cpu"], "values": [{"value": 39.0, "step": null, "ts": 1650885081.6391504}]}, "version": 127}
{"obj": {"type": "LogFloats", "path": ["monitoring", "memory"], "values": [{"value": 21.261085510253906, "step": null, "ts": 1650885081.6391504}]}, "version": 128}
{"obj": {"type": "LogFloats", "path": ["monitoring", "gpu_memory"], "values": [{"value": 0.6788330078125, "step": null, "ts": 1650885081.6391504}]}, "version": 129}
{"obj": {"type": "LogFloats", "path": ["monitoring", "cpu"], "values": [{"value": 100.0, "step": null, "ts": 1650885091.6422796}]}, "version": 130}
{"obj": {"type": "LogFloats", "path": ["monitoring", "memory"], "values": [{"value": 21.254901885986328, "step": null, "ts": 1650885091.6422796}]}, "version": 131}
{"obj": {"type": "LogFloats", "path": ["monitoring", "gpu_memory"], "values": [{"value": 0.6788330078125, "step": null, "ts": 1650885091.6422796}]}, "version": 132}
{"obj": {"type": "LogFloats", "path": ["monitoring", "cpu"], "values": [{"value": 67.1, "step": null, "ts": 1650885101.6455622}]}, "version": 133}
{"obj": {"type": "LogFloats", "path": ["monitoring", "memory"], "values": [{"value": 17.662044525146484, "step": null, "ts": 1650885101.6455622}]}, "version": 134}
{"obj": {"type": "LogFloats", "path": ["monitoring", "gpu_memory"], "values": [{"value": 0.6788330078125, "step": null, "ts": 1650885101.6455622}]}, "version": 135}
{"obj": {"type": "LogFloats", "path": ["monitoring", "cpu"], "values": [{"value": 7.1, "step": null, "ts": 1650885111.6519172}]}, "version": 136}
{"obj": {"type": "LogFloats", "path": ["monitoring", "memory"], "values": [{"value": 17.661956787109375, "step": null, "ts": 1650885111.6519172}]}, "version": 137}
{"obj": {"type": "LogFloats", "path": ["monitoring", "gpu_memory"], "values": [{"value": 0.6788330078125, "step": null, "ts": 1650885111.6519172}]}, "version": 138}
{"obj": {"type": "LogFloats", "path": ["monitoring", "cpu"], "values": [{"value": 23.5, "step": null, "ts": 1650885121.654598}]}, "version": 139}
{"obj": {"type": "LogFloats", "path": ["monitoring", "memory"], "values": [{"value": 20.138992309570312, "step": null, "ts": 1650885121.654598}]}, "version": 140}
{"obj": {"type": "LogFloats", "path": ["monitoring", "gpu_memory"], "values": [{"value": 0.6788330078125, "step": null, "ts": 1650885121.654598}]}, "version": 141}
{"obj": {"type": "LogFloats", "path": ["monitoring", "cpu"], "values": [{"value": 100.0, "step": null, "ts": 1650885131.6583858}]}, "version": 142}
{"obj": {"type": "LogFloats", "path": ["monitoring", "memory"], "values": [{"value": 21.268207550048828, "step": null, "ts": 1650885131.6583858}]}, "version": 143}
{"obj": {"type": "LogFloats", "path": ["monitoring", "gpu_memory"], "values": [{"value": 0.6788330078125, "step": null, "ts": 1650885131.6583858}]}, "version": 144}
{"obj": {"type": "LogFloats", "path": ["monitoring", "cpu"], "values": [{"value": 99.7, "step": null, "ts": 1650885141.6615427}]}, "version": 145}
{"obj": {"type": "LogFloats", "path": ["monitoring", "memory"], "values": [{"value": 20.915332794189453, "step": null, "ts": 1650885141.6615427}]}, "version": 146}
{"obj": {"type": "LogFloats", "path": ["monitoring", "gpu_memory"], "values": [{"value": 0.6788330078125, "step": null, "ts": 1650885141.6615427}]}, "version": 147}
{"obj": {"type": "LogFloats", "path": ["monitoring", "cpu"], "values": [{"value": 100.0, "step": null, "ts": 1650885151.6646962}]}, "version": 148}
{"obj": {"type": "LogFloats", "path": ["monitoring", "memory"], "values": [{"value": 21.26671600341797, "step": null, "ts": 1650885151.6646962}]}, "version": 149}
{"obj": {"type": "LogFloats", "path": ["monitoring", "gpu_memory"], "values": [{"value": 0.6788330078125, "step": null, "ts": 1650885151.6646962}]}, "version": 150}
{"obj": {"type": "LogFloats", "path": ["monitoring", "cpu"], "values": [{"value": 100.0, "step": null, "ts": 1650885161.6677945}]}, "version": 151}
{"obj": {"type": "LogFloats", "path": ["monitoring", "memory"], "values": [{"value": 21.266403198242188, "step": null, "ts": 1650885161.6677945}]}, "version": 152}
{"obj": {"type": "LogFloats", "path": ["monitoring", "gpu_memory"], "values": [{"value": 0.6788330078125, "step": null, "ts": 1650885161.6677945}]}, "version": 153}
{"obj": {"type": "LogFloats", "path": ["monitoring", "cpu"], "values": [{"value": 100.0, "step": null, "ts": 1650885171.6707964}]}, "version": 154}
{"obj": {"type": "LogFloats", "path": ["monitoring", "memory"], "values": [{"value": 21.26763153076172, "step": null, "ts": 1650885171.6707964}]}, "version": 155}
{"obj": {"type": "LogFloats", "path": ["monitoring", "gpu_memory"], "values": [{"value": 0.6788330078125, "step": null, "ts": 1650885171.6707964}]}, "version": 156}
{"obj": {"type": "LogFloats", "path": ["monitoring", "cpu"], "values": [{"value": 100.0, "step": null, "ts": 1650885181.6737132}]}, "version": 157}
{"obj": {"type": "LogFloats", "path": ["monitoring", "memory"], "values": [{"value": 21.268383026123047, "step": null, "ts": 1650885181.6737132}]}, "version": 158}
{"obj": {"type": "LogFloats", "path": ["monitoring", "gpu_memory"], "values": [{"value": 0.6788330078125, "step": null, "ts": 1650885181.6737132}]}, "version": 159}
{"obj": {"type": "LogFloats", "path": ["monitoring", "cpu"], "values": [{"value": 100.0, "step": null, "ts": 1650885191.6766636}]}, "version": 160}
{"obj": {"type": "LogFloats", "path": ["monitoring", "memory"], "values": [{"value": 21.268524169921875, "step": null, "ts": 1650885191.6766636}]}, "version": 161}
{"obj": {"type": "LogFloats", "path": ["monitoring", "gpu_memory"], "values": [{"value": 0.6788330078125, "step": null, "ts": 1650885191.6766636}]}, "version": 162}
{"obj": {"type": "LogFloats", "path": ["monitoring", "cpu"], "values": [{"value": 100.0, "step": null, "ts": 1650885201.6794374}]}, "version": 163}
{"obj": {"type": "LogFloats", "path": ["monitoring", "memory"], "values": [{"value": 21.268863677978516, "step": null, "ts": 1650885201.6794374}]}, "version": 164}
{"obj": {"type": "LogFloats", "path": ["monitoring", "gpu_memory"], "values": [{"value": 0.6788330078125, "step": null, "ts": 1650885201.6794374}]}, "version": 165}
{"obj": {"type": "LogFloats", "path": ["monitoring", "cpu"], "values": [{"value": 100.0, "step": null, "ts": 1650885211.6829715}]}, "version": 166}
{"obj": {"type": "LogFloats", "path": ["monitoring", "memory"], "values": [{"value": 21.269729614257812, "step": null, "ts": 1650885211.6829715}]}, "version": 167}
{"obj": {"type": "LogFloats", "path": ["monitoring", "gpu_memory"], "values": [{"value": 0.6788330078125, "step": null, "ts": 1650885211.6829715}]}, "version": 168}
{"obj": {"type": "LogFloats", "path": ["monitoring", "cpu"], "values": [{"value": 100.0, "step": null, "ts": 1650885221.6859047}]}, "version": 169}
{"obj": {"type": "LogFloats", "path": ["monitoring", "memory"], "values": [{"value": 21.271217346191406, "step": null, "ts": 1650885221.6859047}]}, "version": 170}
{"obj": {"type": "LogFloats", "path": ["monitoring", "gpu_memory"], "values": [{"value": 0.6788330078125, "step": null, "ts": 1650885221.6859047}]}, "version": 171}
{"obj": {"type": "LogFloats", "path": ["monitoring", "cpu"], "values": [{"value": 100.0, "step": null, "ts": 1650885231.6888444}]}, "version": 172}
{"obj": {"type": "LogFloats", "path": ["monitoring", "memory"], "values": [{"value": 21.271541595458984, "step": null, "ts": 1650885231.6888444}]}, "version": 173}
{"obj": {"type": "LogFloats", "path": ["monitoring", "gpu_memory"], "values": [{"value": 0.6788330078125, "step": null, "ts": 1650885231.6888444}]}, "version": 174}
{"obj": {"type": "LogFloats", "path": ["monitoring", "cpu"], "values": [{"value": 99.6, "step": null, "ts": 1650885241.6918159}]}, "version": 175}
{"obj": {"type": "LogFloats", "path": ["monitoring", "memory"], "values": [{"value": 21.272079467773438, "step": null, "ts": 1650885241.6918159}]}, "version": 176}
{"obj": {"type": "LogFloats", "path": ["monitoring", "gpu_memory"], "values": [{"value": 0.6788330078125, "step": null, "ts": 1650885241.6918159}]}, "version": 177}
{"obj": {"type": "LogFloats", "path": ["monitoring", "cpu"], "values": [{"value": 100.0, "step": null, "ts": 1650885251.6946921}]}, "version": 178}
{"obj": {"type": "LogFloats", "path": ["monitoring", "memory"], "values": [{"value": 21.272254943847656, "step": null, "ts": 1650885251.6946921}]}, "version": 179}
{"obj": {"type": "LogFloats", "path": ["monitoring", "gpu_memory"], "values": [{"value": 0.6788330078125, "step": null, "ts": 1650885251.6946921}]}, "version": 180}
{"obj": {"type": "LogFloats", "path": ["monitoring", "cpu"], "values": [{"value": 100.0, "step": null, "ts": 1650885261.6978035}]}, "version": 181}
{"obj": {"type": "LogFloats", "path": ["monitoring", "memory"], "values": [{"value": 21.27143096923828, "step": null, "ts": 1650885261.6978035}]}, "version": 182}
{"obj": {"type": "LogFloats", "path": ["monitoring", "gpu_memory"], "values": [{"value": 0.6788330078125, "step": null, "ts": 1650885261.6978035}]}, "version": 183}
{"obj": {"type": "LogFloats", "path": ["monitoring", "cpu"], "values": [{"value": 100.0, "step": null, "ts": 1650885271.700673}]}, "version": 184}
{"obj": {"type": "LogFloats", "path": ["monitoring", "memory"], "values": [{"value": 21.271759033203125, "step": null, "ts": 1650885271.700673}]}, "version": 185}
{"obj": {"type": "LogFloats", "path": ["monitoring", "gpu_memory"], "values": [{"value": 0.6788330078125, "step": null, "ts": 1650885271.700673}]}, "version": 186}
{"obj": {"type": "LogFloats", "path": ["monitoring", "cpu"], "values": [{"value": 100.0, "step": null, "ts": 1650885281.703746}]}, "version": 187}
{"obj": {"type": "LogFloats", "path": ["monitoring", "memory"], "values": [{"value": 21.27191925048828, "step": null, "ts": 1650885281.703746}]}, "version": 188}
{"obj": {"type": "LogFloats", "path": ["monitoring", "gpu_memory"], "values": [{"value": 0.6788330078125, "step": null, "ts": 1650885281.703746}]}, "version": 189}
{"obj": {"type": "LogFloats", "path": ["monitoring", "cpu"], "values": [{"value": 100.0, "step": null, "ts": 1650885291.7067602}]}, "version": 190}
{"obj": {"type": "LogFloats", "path": ["monitoring", "memory"], "values": [{"value": 21.27425765991211, "step": null, "ts": 1650885291.7067602}]}, "version": 191}
{"obj": {"type": "LogFloats", "path": ["monitoring", "gpu_memory"], "values": [{"value": 0.6788330078125, "step": null, "ts": 1650885291.7067602}]}, "version": 192}
{"obj": {"type": "LogFloats", "path": ["monitoring", "cpu"], "values": [{"value": 100.0, "step": null, "ts": 1650885301.709574}]}, "version": 193}
{"obj": {"type": "LogFloats", "path": ["monitoring", "memory"], "values": [{"value": 21.27703857421875, "step": null, "ts": 1650885301.709574}]}, "version": 194}
{"obj": {"type": "LogFloats", "path": ["monitoring", "gpu_memory"], "values": [{"value": 0.6788330078125, "step": null, "ts": 1650885301.709574}]}, "version": 195}
{"obj": {"type": "LogFloats", "path": ["monitoring", "cpu"], "values": [{"value": 99.8, "step": null, "ts": 1650885311.7161365}]}, "version": 196}
{"obj": {"type": "LogFloats", "path": ["monitoring", "memory"], "values": [{"value": 21.429698944091797, "step": null, "ts": 1650885311.7161365}]}, "version": 197}
{"obj": {"type": "LogFloats", "path": ["monitoring", "gpu_memory"], "values": [{"value": 0.6788330078125, "step": null, "ts": 1650885311.7161365}]}, "version": 198}
{"obj": {"type": "LogFloats", "path": ["monitoring", "cpu"], "values": [{"value": 100.0, "step": null, "ts": 1650885321.7244406}]}, "version": 199}
{"obj": {"type": "LogFloats", "path": ["monitoring", "memory"], "values": [{"value": 21.272876739501953, "step": null, "ts": 1650885321.7244406}]}, "version": 200}
{"obj": {"type": "LogFloats", "path": ["monitoring", "gpu_memory"], "values": [{"value": 0.6788330078125, "step": null, "ts": 1650885321.7244406}]}, "version": 201}
{"obj": {"type": "LogFloats", "path": ["monitoring", "cpu"], "values": [{"value": 100.0, "step": null, "ts": 1650885331.7273815}]}, "version": 202}
{"obj": {"type": "LogFloats", "path": ["monitoring", "memory"], "values": [{"value": 21.26727294921875, "step": null, "ts": 1650885331.7273815}]}, "version": 203}
{"obj": {"type": "LogFloats", "path": ["monitoring", "gpu_memory"], "values": [{"value": 0.6788330078125, "step": null, "ts": 1650885331.7273815}]}, "version": 204}
{"obj": {"type": "LogFloats", "path": ["monitoring", "cpu"], "values": [{"value": 100.0, "step": null, "ts": 1650885341.73035}]}, "version": 205}
{"obj": {"type": "LogFloats", "path": ["monitoring", "memory"], "values": [{"value": 21.266193389892578, "step": null, "ts": 1650885341.73035}]}, "version": 206}
{"obj": {"type": "LogFloats", "path": ["monitoring", "gpu_memory"], "values": [{"value": 0.6788330078125, "step": null, "ts": 1650885341.73035}]}, "version": 207}
{"obj": {"type": "LogFloats", "path": ["monitoring", "cpu"], "values": [{"value": 100.0, "step": null, "ts": 1650885351.7332747}]}, "version": 208}
{"obj": {"type": "LogFloats", "path": ["monitoring", "memory"], "values": [{"value": 21.266460418701172, "step": null, "ts": 1650885351.7332747}]}, "version": 209}
{"obj": {"type": "LogFloats", "path": ["monitoring", "gpu_memory"], "values": [{"value": 0.6788330078125, "step": null, "ts": 1650885351.7332747}]}, "version": 210}
{"obj": {"type": "LogFloats", "path": ["monitoring", "cpu"], "values": [{"value": 100.0, "step": null, "ts": 1650885361.7362165}]}, "version": 211}
{"obj": {"type": "LogFloats", "path": ["monitoring", "memory"], "values": [{"value": 21.265731811523438, "step": null, "ts": 1650885361.7362165}]}, "version": 212}
{"obj": {"type": "LogFloats", "path": ["monitoring", "gpu_memory"], "values": [{"value": 0.6788330078125, "step": null, "ts": 1650885361.7362165}]}, "version": 213}
{"obj": {"type": "LogFloats", "path": ["monitoring", "cpu"], "values": [{"value": 100.0, "step": null, "ts": 1650885371.738967}]}, "version": 214}
{"obj": {"type": "LogFloats", "path": ["monitoring", "memory"], "values": [{"value": 21.267547607421875, "step": null, "ts": 1650885371.738967}]}, "version": 215}
{"obj": {"type": "LogFloats", "path": ["monitoring", "gpu_memory"], "values": [{"value": 0.6788330078125, "step": null, "ts": 1650885371.738967}]}, "version": 216}
{"obj": {"type": "LogFloats", "path": ["monitoring", "cpu"], "values": [{"value": 100.0, "step": null, "ts": 1650885381.741936}]}, "version": 217}
{"obj": {"type": "LogFloats", "path": ["monitoring", "memory"], "values": [{"value": 21.266021728515625, "step": null, "ts": 1650885381.741936}]}, "version": 218}
{"obj": {"type": "LogFloats", "path": ["monitoring", "gpu_memory"], "values": [{"value": 0.6788330078125, "step": null, "ts": 1650885381.741936}]}, "version": 219}
{"obj": {"type": "LogFloats", "path": ["monitoring", "cpu"], "values": [{"value": 100.0, "step": null, "ts": 1650885391.7447705}]}, "version": 220}
{"obj": {"type": "LogFloats", "path": ["monitoring", "memory"], "values": [{"value": 21.26607894897461, "step": null, "ts": 1650885391.7447705}]}, "version": 221}
{"obj": {"type": "LogFloats", "path": ["monitoring", "gpu_memory"], "values": [{"value": 0.6788330078125, "step": null, "ts": 1650885391.7447705}]}, "version": 222}
{"obj": {"type": "LogFloats", "path": ["monitoring", "cpu"], "values": [{"value": 100.0, "step": null, "ts": 1650885401.7476697}]}, "version": 223}
{"obj": {"type": "LogFloats", "path": ["monitoring", "memory"], "values": [{"value": 20.979232788085938, "step": null, "ts": 1650885401.7476697}]}, "version": 224}
{"obj": {"type": "LogFloats", "path": ["monitoring", "gpu_memory"], "values": [{"value": 0.6788330078125, "step": null, "ts": 1650885401.7476697}]}, "version": 225}
{"obj": {"type": "LogStrings", "path": ["monitoring", "stdout"], "values": [{"value": "Shutting down background jobs, please wait a moment...\n", "step": null, "ts": 1650885402.1439223}]}, "version": 226}
