{"obj": {"type": "AssignString", "path": ["sys", "name"], "value": "Untitled"}, "version": 1}
{"obj": {"type": "AssignString", "path": ["sys", "description"], "value": ""}, "version": 2}
{"obj": {"type": "AssignString", "path": ["sys", "hostname"], "value": "node2"}, "version": 3}
{"obj": {"type": "AssignBool", "path": ["sys", "failed"], "value": false}, "version": 4}
{"obj": {"type": "ClearStringLog", "path": ["monitoring", "stdout"]}, "version": 5}
{"obj": {"type": "ClearStringLog", "path": ["monitoring", "stderr"]}, "version": 6}
{"obj": {"type": "UploadFileSet", "path": ["source_code", "files"], "file_globs": ["/home/aron/Artefact_Detection/trainModel_spectrogram.ipynb", "/home/aron/Artefact_Detection/dataset_spectrogram.py"], "reset": "False"}, "version": 7}
{"obj": {"type": "ConfigFloatSeries", "path": ["monitoring", "cpu"], "min": 0.0, "max": 100.0, "unit": "%"}, "version": 8}
{"obj": {"type": "ClearFloatLog", "path": ["monitoring", "cpu"]}, "version": 9}
{"obj": {"type": "ConfigFloatSeries", "path": ["monitoring", "memory"], "min": 0.0, "max": 31.241954803466797, "unit": "GB"}, "version": 10}
{"obj": {"type": "ClearFloatLog", "path": ["monitoring", "memory"]}, "version": 11}
{"obj": {"type": "ConfigFloatSeries", "path": ["monitoring", "gpu"], "min": 0.0, "max": 100.0, "unit": "%"}, "version": 12}
{"obj": {"type": "ClearFloatLog", "path": ["monitoring", "gpu"]}, "version": 13}
{"obj": {"type": "ConfigFloatSeries", "path": ["monitoring", "gpu_memory"], "min": 0.0, "max": 7.92889404296875, "unit": "GB"}, "version": 14}
{"obj": {"type": "ClearFloatLog", "path": ["monitoring", "gpu_memory"]}, "version": 15}
{"obj": {"type": "LogFloats", "path": ["monitoring", "cpu"], "values": [{"value": 1.4, "step": null, "ts": 1651524623.0999045}]}, "version": 16}
{"obj": {"type": "LogStrings", "path": ["monitoring", "stdout"], "values": [{"value": "", "step": null, "ts": 1651524623.1124303}]}, "version": 17}
{"obj": {"type": "LogFloats", "path": ["monitoring", "memory"], "values": [{"value": 18.237342834472656, "step": null, "ts": 1651524623.0999045}]}, "version": 18}
{"obj": {"type": "LogStrings", "path": ["monitoring", "stdout"], "values": [{"value": "Remember to stop your run once you\u2019ve finished logging your metadata (https://docs.neptune.ai/api-reference/run#.stop). It will be stopped automatically only when the notebook kernel/interactive console is terminated.\n", "step": null, "ts": 1651524623.1147637}]}, "version": 19}
{"obj": {"type": "LogFloats", "path": ["monitoring", "gpu_memory"], "values": [{"value": 1.3477783203125, "step": null, "ts": 1651524623.0999045}]}, "version": 20}
{"obj": {"type": "AssignInt", "path": ["config", "dataset", "size"], "value": 18}, "version": 21}
{"obj": {"type": "AssignString", "path": ["config", "model"], "value": "NeuralNetwork"}, "version": 22}
{"obj": {"type": "AssignString", "path": ["config", "modelSummary"], "value": "NeuralNetwork(\n  (conv_stack): Sequential(\n    (0): Conv2d(64, 32, kernel_size=(3, 3), stride=(1, 1), padding=(1, 1))\n    (1): ReLU()\n    (2): Conv2d(32, 64, kernel_size=(3, 3), stride=(1, 1), padding=(1, 1))\n    (3): ReLU()\n    (4): MaxPool2d(kernel_size=2, stride=2, padding=0, dilation=1, ceil_mode=False)\n    (5): Conv2d(64, 128, kernel_size=(3, 3), stride=(1, 1), padding=(1, 1))\n    (6): ReLU()\n    (7): Conv2d(128, 64, kernel_size=(3, 3), stride=(1, 1), padding=(1, 1))\n    (8): ReLU()\n    (9): MaxPool2d(kernel_size=2, stride=2, padding=0, dilation=1, ceil_mode=False)\n    (10): Flatten(start_dim=1, end_dim=-1)\n    (11): Linear(in_features=155, out_features=512, bias=True)\n    (12): ReLU()\n    (13): Linear(in_features=512, out_features=1, bias=True)\n    (14): Sigmoid()\n  )\n)"}, "version": 23}
{"obj": {"type": "AssignString", "path": ["config", "optimizer"], "value": "Adam"}, "version": 24}
{"obj": {"type": "AssignInt", "path": ["config", "batch_size"], "value": 64}, "version": 25}
{"obj": {"type": "AssignInt", "path": ["config", "test_night"], "value": 4}, "version": 26}
{"obj": {"type": "AssignFloat", "path": ["config", "learning_rate"], "value": 1e-05}, "version": 27}
{"obj": {"type": "LogStrings", "path": ["monitoring", "stdout"], "values": [{"value": "Epoch 1\n-------------------------------", "step": null, "ts": 1651524625.8631742}]}, "version": 28}
{"obj": {"type": "LogStrings", "path": ["monitoring", "stdout"], "values": [{"value": "\n", "step": null, "ts": 1651524625.864671}]}, "version": 29}
{"obj": {"type": "LogFloats", "path": ["monitoring", "cpu"], "values": [{"value": 0.4, "step": null, "ts": 1651524633.1170487}]}, "version": 30}
{"obj": {"type": "LogFloats", "path": ["monitoring", "memory"], "values": [{"value": 18.238544464111328, "step": null, "ts": 1651524633.1170487}]}, "version": 31}
{"obj": {"type": "LogFloats", "path": ["monitoring", "gpu_memory"], "values": [{"value": 1.3477783203125, "step": null, "ts": 1651524633.1170487}]}, "version": 32}
{"obj": {"type": "LogFloats", "path": ["monitoring", "cpu"], "values": [{"value": 0.4, "step": null, "ts": 1651524643.1261544}]}, "version": 33}
{"obj": {"type": "LogFloats", "path": ["monitoring", "memory"], "values": [{"value": 18.238616943359375, "step": null, "ts": 1651524643.1261544}]}, "version": 34}
{"obj": {"type": "LogFloats", "path": ["monitoring", "gpu_memory"], "values": [{"value": 1.3477783203125, "step": null, "ts": 1651524643.1261544}]}, "version": 35}
{"obj": {"type": "LogFloats", "path": ["monitoring", "cpu"], "values": [{"value": 0.3, "step": null, "ts": 1651524653.1346343}]}, "version": 36}
{"obj": {"type": "LogFloats", "path": ["monitoring", "memory"], "values": [{"value": 18.23863983154297, "step": null, "ts": 1651524653.1346343}]}, "version": 37}
{"obj": {"type": "LogFloats", "path": ["monitoring", "gpu_memory"], "values": [{"value": 1.3477783203125, "step": null, "ts": 1651524653.1346343}]}, "version": 38}
{"obj": {"type": "LogFloats", "path": ["monitoring", "cpu"], "values": [{"value": 0.3, "step": null, "ts": 1651524663.143408}]}, "version": 39}
{"obj": {"type": "LogFloats", "path": ["monitoring", "memory"], "values": [{"value": 18.23868179321289, "step": null, "ts": 1651524663.143408}]}, "version": 40}
{"obj": {"type": "LogFloats", "path": ["monitoring", "gpu_memory"], "values": [{"value": 1.3477783203125, "step": null, "ts": 1651524663.143408}]}, "version": 41}
{"obj": {"type": "LogFloats", "path": ["monitoring", "cpu"], "values": [{"value": 0.3, "step": null, "ts": 1651524673.152651}]}, "version": 42}
{"obj": {"type": "LogFloats", "path": ["monitoring", "memory"], "values": [{"value": 18.238704681396484, "step": null, "ts": 1651524673.152651}]}, "version": 43}
{"obj": {"type": "LogFloats", "path": ["monitoring", "gpu_memory"], "values": [{"value": 1.3477783203125, "step": null, "ts": 1651524673.152651}]}, "version": 44}
{"obj": {"type": "LogFloats", "path": ["monitoring", "cpu"], "values": [{"value": 0.3, "step": null, "ts": 1651524683.1621897}]}, "version": 45}
{"obj": {"type": "LogFloats", "path": ["monitoring", "memory"], "values": [{"value": 18.238746643066406, "step": null, "ts": 1651524683.1621897}]}, "version": 46}
{"obj": {"type": "LogFloats", "path": ["monitoring", "gpu_memory"], "values": [{"value": 1.3477783203125, "step": null, "ts": 1651524683.1621897}]}, "version": 47}
{"obj": {"type": "LogFloats", "path": ["monitoring", "cpu"], "values": [{"value": 0.4, "step": null, "ts": 1651524693.1717446}]}, "version": 48}
{"obj": {"type": "LogFloats", "path": ["monitoring", "memory"], "values": [{"value": 18.238834381103516, "step": null, "ts": 1651524693.1717446}]}, "version": 49}
{"obj": {"type": "LogFloats", "path": ["monitoring", "gpu_memory"], "values": [{"value": 1.3477783203125, "step": null, "ts": 1651524693.1717446}]}, "version": 50}
{"obj": {"type": "LogFloats", "path": ["monitoring", "cpu"], "values": [{"value": 0.4, "step": null, "ts": 1651524703.1804163}]}, "version": 51}
{"obj": {"type": "LogFloats", "path": ["monitoring", "memory"], "values": [{"value": 18.238876342773438, "step": null, "ts": 1651524703.1804163}]}, "version": 52}
{"obj": {"type": "LogFloats", "path": ["monitoring", "gpu_memory"], "values": [{"value": 1.3477783203125, "step": null, "ts": 1651524703.1804163}]}, "version": 53}
{"obj": {"type": "LogFloats", "path": ["monitoring", "cpu"], "values": [{"value": 0.4, "step": null, "ts": 1651524713.1892865}]}, "version": 54}
{"obj": {"type": "LogFloats", "path": ["monitoring", "memory"], "values": [{"value": 18.238670349121094, "step": null, "ts": 1651524713.1892865}]}, "version": 55}
{"obj": {"type": "LogFloats", "path": ["monitoring", "gpu_memory"], "values": [{"value": 1.3477783203125, "step": null, "ts": 1651524713.1892865}]}, "version": 56}
{"obj": {"type": "LogStrings", "path": ["monitoring", "stdout"], "values": [{"value": "Epoch 1\n-------------------------------", "step": null, "ts": 1651524717.5586846}]}, "version": 57}
{"obj": {"type": "LogStrings", "path": ["monitoring", "stdout"], "values": [{"value": "\n", "step": null, "ts": 1651524717.5601487}]}, "version": 58}
{"obj": {"type": "LogStrings", "path": ["monitoring", "stdout"], "values": [{"value": "Epoch 2\n-------------------------------", "step": null, "ts": 1651524717.5618336}]}, "version": 59}
{"obj": {"type": "LogStrings", "path": ["monitoring", "stdout"], "values": [{"value": "\n", "step": null, "ts": 1651524717.563633}]}, "version": 60}
{"obj": {"type": "LogStrings", "path": ["monitoring", "stdout"], "values": [{"value": "Epoch 3\n-------------------------------", "step": null, "ts": 1651524717.5651696}]}, "version": 61}
{"obj": {"type": "LogStrings", "path": ["monitoring", "stdout"], "values": [{"value": "\n", "step": null, "ts": 1651524717.566772}]}, "version": 62}
{"obj": {"type": "LogStrings", "path": ["monitoring", "stdout"], "values": [{"value": "Epoch 4\n-------------------------------", "step": null, "ts": 1651524717.568362}]}, "version": 63}
{"obj": {"type": "LogStrings", "path": ["monitoring", "stdout"], "values": [{"value": "\n", "step": null, "ts": 1651524717.5699995}]}, "version": 64}
{"obj": {"type": "LogStrings", "path": ["monitoring", "stdout"], "values": [{"value": "Epoch 5\n-------------------------------", "step": null, "ts": 1651524717.5716166}]}, "version": 65}
{"obj": {"type": "LogStrings", "path": ["monitoring", "stdout"], "values": [{"value": "\n", "step": null, "ts": 1651524717.5730844}]}, "version": 66}
{"obj": {"type": "LogStrings", "path": ["monitoring", "stdout"], "values": [{"value": "Epoch 6\n-------------------------------", "step": null, "ts": 1651524717.5746305}]}, "version": 67}
{"obj": {"type": "LogStrings", "path": ["monitoring", "stdout"], "values": [{"value": "\n", "step": null, "ts": 1651524717.5761027}]}, "version": 68}
{"obj": {"type": "LogStrings", "path": ["monitoring", "stdout"], "values": [{"value": "Epoch 7\n-------------------------------", "step": null, "ts": 1651524717.5777237}]}, "version": 69}
{"obj": {"type": "LogStrings", "path": ["monitoring", "stdout"], "values": [{"value": "\n", "step": null, "ts": 1651524717.5792902}]}, "version": 70}
{"obj": {"type": "LogStrings", "path": ["monitoring", "stdout"], "values": [{"value": "Epoch 8\n-------------------------------", "step": null, "ts": 1651524717.5809362}]}, "version": 71}
{"obj": {"type": "LogStrings", "path": ["monitoring", "stdout"], "values": [{"value": "\n", "step": null, "ts": 1651524717.582465}]}, "version": 72}
{"obj": {"type": "LogStrings", "path": ["monitoring", "stdout"], "values": [{"value": "Epoch 9\n-------------------------------", "step": null, "ts": 1651524717.5841644}]}, "version": 73}
{"obj": {"type": "LogStrings", "path": ["monitoring", "stdout"], "values": [{"value": "\n", "step": null, "ts": 1651524717.5857441}]}, "version": 74}
{"obj": {"type": "LogStrings", "path": ["monitoring", "stdout"], "values": [{"value": "Epoch 10\n-------------------------------", "step": null, "ts": 1651524717.5876193}]}, "version": 75}
{"obj": {"type": "LogStrings", "path": ["monitoring", "stdout"], "values": [{"value": "\n", "step": null, "ts": 1651524717.589274}]}, "version": 76}
{"obj": {"type": "LogStrings", "path": ["monitoring", "stdout"], "values": [{"value": "Done!", "step": null, "ts": 1651524717.5914557}]}, "version": 77}
{"obj": {"type": "LogStrings", "path": ["monitoring", "stdout"], "values": [{"value": "\n", "step": null, "ts": 1651524717.5932317}]}, "version": 78}
{"obj": {"type": "LogFloats", "path": ["monitoring", "cpu"], "values": [{"value": 0.4, "step": null, "ts": 1651524723.1953135}]}, "version": 79}
{"obj": {"type": "LogFloats", "path": ["monitoring", "memory"], "values": [{"value": 18.238765716552734, "step": null, "ts": 1651524723.1953135}]}, "version": 80}
{"obj": {"type": "LogFloats", "path": ["monitoring", "gpu_memory"], "values": [{"value": 1.3477783203125, "step": null, "ts": 1651524723.1953135}]}, "version": 81}
{"obj": {"type": "LogFloats", "path": ["monitoring", "cpu"], "values": [{"value": 0.3, "step": null, "ts": 1651524733.2044127}]}, "version": 82}
{"obj": {"type": "LogFloats", "path": ["monitoring", "memory"], "values": [{"value": 18.238876342773438, "step": null, "ts": 1651524733.2044127}]}, "version": 83}
{"obj": {"type": "LogFloats", "path": ["monitoring", "gpu_memory"], "values": [{"value": 1.3477783203125, "step": null, "ts": 1651524733.2044127}]}, "version": 84}
{"obj": {"type": "LogFloats", "path": ["monitoring", "cpu"], "values": [{"value": 0.3, "step": null, "ts": 1651524743.2132356}]}, "version": 85}
{"obj": {"type": "LogFloats", "path": ["monitoring", "memory"], "values": [{"value": 18.23889923095703, "step": null, "ts": 1651524743.2132356}]}, "version": 86}
{"obj": {"type": "LogFloats", "path": ["monitoring", "gpu_memory"], "values": [{"value": 1.3477783203125, "step": null, "ts": 1651524743.2132356}]}, "version": 87}
{"obj": {"type": "LogFloats", "path": ["monitoring", "cpu"], "values": [{"value": 0.3, "step": null, "ts": 1651524753.2221048}]}, "version": 88}
{"obj": {"type": "LogFloats", "path": ["monitoring", "memory"], "values": [{"value": 18.238967895507812, "step": null, "ts": 1651524753.2221048}]}, "version": 89}
{"obj": {"type": "LogFloats", "path": ["monitoring", "gpu_memory"], "values": [{"value": 1.3477783203125, "step": null, "ts": 1651524753.2221048}]}, "version": 90}
{"obj": {"type": "LogStrings", "path": ["monitoring", "stdout"], "values": [{"value": "Epoch 1\n-------------------------------", "step": null, "ts": 1651524756.8632512}]}, "version": 91}
{"obj": {"type": "LogStrings", "path": ["monitoring", "stdout"], "values": [{"value": "\n", "step": null, "ts": 1651524756.865036}]}, "version": 92}
{"obj": {"type": "LogStrings", "path": ["monitoring", "stdout"], "values": [{"value": "Epoch 2\n-------------------------------", "step": null, "ts": 1651524756.8666298}]}, "version": 93}
{"obj": {"type": "LogStrings", "path": ["monitoring", "stdout"], "values": [{"value": "\n", "step": null, "ts": 1651524756.868086}]}, "version": 94}
{"obj": {"type": "LogStrings", "path": ["monitoring", "stdout"], "values": [{"value": "Epoch 3\n-------------------------------", "step": null, "ts": 1651524756.8695545}]}, "version": 95}
{"obj": {"type": "LogStrings", "path": ["monitoring", "stdout"], "values": [{"value": "\n", "step": null, "ts": 1651524756.8709576}]}, "version": 96}
{"obj": {"type": "LogStrings", "path": ["monitoring", "stdout"], "values": [{"value": "Epoch 4\n-------------------------------", "step": null, "ts": 1651524756.8724236}]}, "version": 97}
{"obj": {"type": "LogStrings", "path": ["monitoring", "stdout"], "values": [{"value": "\n", "step": null, "ts": 1651524756.8737576}]}, "version": 98}
{"obj": {"type": "LogStrings", "path": ["monitoring", "stdout"], "values": [{"value": "Epoch 5\n-------------------------------", "step": null, "ts": 1651524756.875629}]}, "version": 99}
{"obj": {"type": "LogStrings", "path": ["monitoring", "stdout"], "values": [{"value": "\n", "step": null, "ts": 1651524756.8772542}]}, "version": 100}
{"obj": {"type": "LogStrings", "path": ["monitoring", "stdout"], "values": [{"value": "Epoch 6\n-------------------------------", "step": null, "ts": 1651524756.8791444}]}, "version": 101}
{"obj": {"type": "LogStrings", "path": ["monitoring", "stdout"], "values": [{"value": "\n", "step": null, "ts": 1651524756.8810167}]}, "version": 102}
{"obj": {"type": "LogStrings", "path": ["monitoring", "stdout"], "values": [{"value": "Epoch 7\n-------------------------------", "step": null, "ts": 1651524756.8829865}]}, "version": 103}
{"obj": {"type": "LogStrings", "path": ["monitoring", "stdout"], "values": [{"value": "\n", "step": null, "ts": 1651524756.8847604}]}, "version": 104}
{"obj": {"type": "LogStrings", "path": ["monitoring", "stdout"], "values": [{"value": "Epoch 8\n-------------------------------", "step": null, "ts": 1651524756.8867202}]}, "version": 105}
{"obj": {"type": "LogStrings", "path": ["monitoring", "stdout"], "values": [{"value": "\n", "step": null, "ts": 1651524756.888574}]}, "version": 106}
{"obj": {"type": "LogStrings", "path": ["monitoring", "stdout"], "values": [{"value": "Epoch 9\n-------------------------------", "step": null, "ts": 1651524756.8906615}]}, "version": 107}
{"obj": {"type": "LogStrings", "path": ["monitoring", "stdout"], "values": [{"value": "\n", "step": null, "ts": 1651524756.8927634}]}, "version": 108}
{"obj": {"type": "LogStrings", "path": ["monitoring", "stdout"], "values": [{"value": "Epoch 10\n-------------------------------", "step": null, "ts": 1651524756.8944504}]}, "version": 109}
{"obj": {"type": "LogStrings", "path": ["monitoring", "stdout"], "values": [{"value": "\n", "step": null, "ts": 1651524756.8957772}]}, "version": 110}
{"obj": {"type": "LogStrings", "path": ["monitoring", "stdout"], "values": [{"value": "Done!", "step": null, "ts": 1651524756.8972628}]}, "version": 111}
{"obj": {"type": "LogStrings", "path": ["monitoring", "stdout"], "values": [{"value": "\n", "step": null, "ts": 1651524756.8987513}]}, "version": 112}
{"obj": {"type": "LogFloats", "path": ["monitoring", "cpu"], "values": [{"value": 0.5, "step": null, "ts": 1651524763.2316449}]}, "version": 113}
{"obj": {"type": "LogFloats", "path": ["monitoring", "memory"], "values": [{"value": 18.238956451416016, "step": null, "ts": 1651524763.2316449}]}, "version": 114}
{"obj": {"type": "LogFloats", "path": ["monitoring", "gpu_memory"], "values": [{"value": 1.3477783203125, "step": null, "ts": 1651524763.2316449}]}, "version": 115}
{"obj": {"type": "LogFloats", "path": ["monitoring", "cpu"], "values": [{"value": 0.3, "step": null, "ts": 1651524773.2399538}]}, "version": 116}
{"obj": {"type": "LogFloats", "path": ["monitoring", "memory"], "values": [{"value": 18.238971710205078, "step": null, "ts": 1651524773.2399538}]}, "version": 117}
{"obj": {"type": "LogFloats", "path": ["monitoring", "gpu_memory"], "values": [{"value": 1.3477783203125, "step": null, "ts": 1651524773.2399538}]}, "version": 118}
{"obj": {"type": "LogFloats", "path": ["monitoring", "cpu"], "values": [{"value": 0.3, "step": null, "ts": 1651524783.2485054}]}, "version": 119}
{"obj": {"type": "LogFloats", "path": ["monitoring", "memory"], "values": [{"value": 18.238941192626953, "step": null, "ts": 1651524783.2485054}]}, "version": 120}
{"obj": {"type": "LogFloats", "path": ["monitoring", "gpu_memory"], "values": [{"value": 1.3477783203125, "step": null, "ts": 1651524783.2485054}]}, "version": 121}
{"obj": {"type": "LogFloats", "path": ["monitoring", "cpu"], "values": [{"value": 0.4, "step": null, "ts": 1651524793.2580976}]}, "version": 122}
{"obj": {"type": "LogFloats", "path": ["monitoring", "memory"], "values": [{"value": 18.23925018310547, "step": null, "ts": 1651524793.2580976}]}, "version": 123}
{"obj": {"type": "LogFloats", "path": ["monitoring", "gpu_memory"], "values": [{"value": 1.3477783203125, "step": null, "ts": 1651524793.2580976}]}, "version": 124}
{"obj": {"type": "LogFloats", "path": ["monitoring", "cpu"], "values": [{"value": 0.4, "step": null, "ts": 1651524803.2673602}]}, "version": 125}
{"obj": {"type": "LogFloats", "path": ["monitoring", "memory"], "values": [{"value": 18.239215850830078, "step": null, "ts": 1651524803.2673602}]}, "version": 126}
{"obj": {"type": "LogFloats", "path": ["monitoring", "gpu_memory"], "values": [{"value": 1.3477783203125, "step": null, "ts": 1651524803.2673602}]}, "version": 127}
{"obj": {"type": "LogFloats", "path": ["monitoring", "cpu"], "values": [{"value": 0.4, "step": null, "ts": 1651524813.2763722}]}, "version": 128}
{"obj": {"type": "LogFloats", "path": ["monitoring", "memory"], "values": [{"value": 18.239879608154297, "step": null, "ts": 1651524813.2763722}]}, "version": 129}
{"obj": {"type": "LogFloats", "path": ["monitoring", "gpu_memory"], "values": [{"value": 1.3477783203125, "step": null, "ts": 1651524813.2763722}]}, "version": 130}
{"obj": {"type": "LogFloats", "path": ["monitoring", "cpu"], "values": [{"value": 0.4, "step": null, "ts": 1651524823.2858968}]}, "version": 131}
{"obj": {"type": "LogFloats", "path": ["monitoring", "memory"], "values": [{"value": 18.239864349365234, "step": null, "ts": 1651524823.2858968}]}, "version": 132}
{"obj": {"type": "LogFloats", "path": ["monitoring", "gpu_memory"], "values": [{"value": 1.3477783203125, "step": null, "ts": 1651524823.2858968}]}, "version": 133}
{"obj": {"type": "LogFloats", "path": ["monitoring", "cpu"], "values": [{"value": 0.3, "step": null, "ts": 1651524833.295996}]}, "version": 134}
{"obj": {"type": "LogFloats", "path": ["monitoring", "memory"], "values": [{"value": 18.24011993408203, "step": null, "ts": 1651524833.295996}]}, "version": 135}
{"obj": {"type": "LogFloats", "path": ["monitoring", "gpu_memory"], "values": [{"value": 1.3477783203125, "step": null, "ts": 1651524833.295996}]}, "version": 136}
{"obj": {"type": "LogFloats", "path": ["monitoring", "cpu"], "values": [{"value": 0.4, "step": null, "ts": 1651524843.3050122}]}, "version": 137}
{"obj": {"type": "LogFloats", "path": ["monitoring", "memory"], "values": [{"value": 18.24010467529297, "step": null, "ts": 1651524843.3050122}]}, "version": 138}
{"obj": {"type": "LogFloats", "path": ["monitoring", "gpu_memory"], "values": [{"value": 1.3477783203125, "step": null, "ts": 1651524843.3050122}]}, "version": 139}
{"obj": {"type": "LogFloats", "path": ["monitoring", "cpu"], "values": [{"value": 0.3, "step": null, "ts": 1651524853.3135548}]}, "version": 140}
{"obj": {"type": "LogFloats", "path": ["monitoring", "memory"], "values": [{"value": 18.240089416503906, "step": null, "ts": 1651524853.3135548}]}, "version": 141}
{"obj": {"type": "LogFloats", "path": ["monitoring", "gpu_memory"], "values": [{"value": 1.3477783203125, "step": null, "ts": 1651524853.3135548}]}, "version": 142}
{"obj": {"type": "LogFloats", "path": ["monitoring", "cpu"], "values": [{"value": 0.3, "step": null, "ts": 1651524863.3227127}]}, "version": 143}
{"obj": {"type": "LogFloats", "path": ["monitoring", "memory"], "values": [{"value": 18.240337371826172, "step": null, "ts": 1651524863.3227127}]}, "version": 144}
{"obj": {"type": "LogFloats", "path": ["monitoring", "gpu_memory"], "values": [{"value": 1.3477783203125, "step": null, "ts": 1651524863.3227127}]}, "version": 145}
{"obj": {"type": "LogStrings", "path": ["monitoring", "stdout"], "values": [{"value": "Shutting down background jobs, please wait a moment...\n", "step": null, "ts": 1651524868.1256247}]}, "version": 146}
